ERROR - 2018-06-15 02:18:30 --> -1: Archivo no encontrado. E:\xampp\htdocs\Facturador\src\..\files\xmls\15602744393\15602744393-03-BN01-1.XML
ERROR - 2018-06-15 02:20:53 --> SUNAT FUERA DE SERVICIO
ERROR - 2018-06-15 02:20:57 --> SUNAT FUERA DE SERVICIO
ERROR - 2018-06-15 02:21:31 --> SUNAT FUERA DE SERVICIO
ERROR - 2018-06-15 02:23:00 --> SUNAT FUERA DE SERVICIO
ERROR - 2018-06-15 02:23:33 --> SUNAT FUERA DE SERVICIO
ERROR - 2018-06-15 02:24:34 --> SUNAT FUERA DE SERVICIO
ERROR - 2018-06-15 02:25:05 --> soap-env:Client.0306: No se puede leer (parsear) el archivo XML - Detalle: http://xxx.xxx.xxx/ol-ti-itcpfegem-beta/billService: cvc-wildcard 2: unrecognized element {urn:oasis:names:specification:ubl:schema:xsd:Invoice-2}CreditNote
ERROR - 2018-06-15 02:28:39 --> soap-env:Client.0306: No se puede leer (parsear) el archivo XML - Detalle: http://xxx.xxx.xxx/ol-ti-itcpfegem-beta/billService: cvc-particle 2.1: in element {urn:oasis:names:specification:ubl:schema:xsd:CreditNote-2}CreditNote of type {urn:oasis:names:specification:ubl:schema:xsd:CreditNote-2}CreditNoteType, found <cbc:InvoiceTypeCode> (in namespace urn:oasis:names:specification:ubl:schema:xsd:CommonBasicComponents-2), but next item should be {urn:oasis:names:specification:ubl:schema:xsd:CommonAggregateComponents-2}AccountingSupplierParty
ERROR - 2018-06-15 02:32:16 --> soap-env:Client.0306: No se puede leer (parsear) el archivo XML - Detalle: http://xxx.xxx.xxx/ol-ti-itcpfegem-beta/billService: cvc-particle 2.1: in element {urn:oasis:names:specification:ubl:schema:xsd:CreditNote-2}CreditNote of type {urn:oasis:names:specification:ubl:schema:xsd:CreditNote-2}CreditNoteType, found <cbc:InvoiceTypeCode> (in namespace urn:oasis:names:specification:ubl:schema:xsd:CommonBasicComponents-2), but next item should be {urn:oasis:names:specification:ubl:schema:xsd:CommonAggregateComponents-2}AccountingSupplierParty
ERROR - 2018-06-15 02:33:14 --> soap-env:Client.0306: No se puede leer (parsear) el archivo XML - Detalle: http://xxx.xxx.xxx/ol-ti-itcpfegem-beta/billService: cvc-particle 2.1: in element {urn:oasis:names:specification:ubl:schema:xsd:CreditNote-2}CreditNote of type {urn:oasis:names:specification:ubl:schema:xsd:CreditNote-2}CreditNoteType, found <cbc:InvoiceTypeCode> (in namespace urn:oasis:names:specification:ubl:schema:xsd:CommonBasicComponents-2), but next item should be {urn:oasis:names:specification:ubl:schema:xsd:CommonAggregateComponents-2}AccountingSupplierParty
ERROR - 2018-06-15 02:33:24 --> soap-env:Client.0306: No se puede leer (parsear) el archivo XML - Detalle: http://xxx.xxx.xxx/ol-ti-itcpfegem-beta/billService: cvc-particle 2.1: in element {urn:oasis:names:specification:ubl:schema:xsd:CreditNote-2}CreditNote of type {urn:oasis:names:specification:ubl:schema:xsd:CreditNote-2}CreditNoteType, found <cbc:InvoiceTypeCode> (in namespace urn:oasis:names:specification:ubl:schema:xsd:CommonBasicComponents-2), but next item should be {urn:oasis:names:specification:ubl:schema:xsd:CommonAggregateComponents-2}AccountingSupplierParty
ERROR - 2018-06-15 03:15:48 --> soap-env:Client.0306: No se puede leer (parsear) el archivo XML - Detalle: http://xxx.xxx.xxx/ol-ti-itcpfegem-beta/billService: cvc-particle 2.1: in element {urn:oasis:names:specification:ubl:schema:xsd:DebitNote-2}DebitNote of type {urn:oasis:names:specification:ubl:schema:xsd:DebitNote-2}DebitNoteType, found <cac:LegalMonetaryTotal> (in namespace urn:oasis:names:specification:ubl:schema:xsd:CommonAggregateComponents-2), but next item should be {urn:oasis:names:specification:ubl:schema:xsd:CommonAggregateComponents-2}RequestedMonetaryTotal
ERROR - 2018-06-15 03:19:27 --> soap-env:Client.0306: No se puede leer (parsear) el archivo XML - Detalle: http://xxx.xxx.xxx/ol-ti-itcpfegem-beta/billService: cvc-particle 2.1: in element {urn:oasis:names:specification:ubl:schema:xsd:DebitNote-2}DebitNote of type {urn:oasis:names:specification:ubl:schema:xsd:DebitNote-2}DebitNoteType, found <cac:LegalMonetaryTotal> (in namespace urn:oasis:names:specification:ubl:schema:xsd:CommonAggregateComponents-2), but next item should be {urn:oasis:names:specification:ubl:schema:xsd:CommonAggregateComponents-2}RequestedMonetaryTotal
ERROR - 2018-06-15 03:24:40 --> soap-env:Client.0306: No se puede leer (parsear) el archivo XML - Detalle: http://xxx.xxx.xxx/ol-ti-itcpfegem-beta/billService: cvc-particle 2.1: in element {urn:oasis:names:specification:ubl:schema:xsd:DebitNote-2}DebitNote of type {urn:oasis:names:specification:ubl:schema:xsd:DebitNote-2}DebitNoteType, found <cac:DebitNoteLine> (in namespace urn:oasis:names:specification:ubl:schema:xsd:CommonAggregateComponents-2), but next item should be {urn:oasis:names:specification:ubl:schema:xsd:CommonAggregateComponents-2}RequestedMonetaryTotal
ERROR - 2018-06-15 20:08:38 --> -1: Archivo no encontrado. E:\xampp\htdocs\Facturador\src\..\files\xmls\15602744393\15602744393-RA-20180615-1
ERROR - 2018-06-15 20:08:39 --> soap-env:Client.0151: El nombre del archivo ZIP es incorrecto - Detalle: xxx.xxx.xxx value='ticket: 1529086119284 error: Validation ZIP Filename error: 15602744393-RA-20180615-1.ZIP'
ERROR - 2018-06-15 20:17:40 --> -1: Archivo no encontrado. E:\xampp\htdocs\Facturador\src\..\files\xmls\15602744393\15602744393-RA-20180615
ERROR - 2018-06-15 20:17:41 --> soap-env:Client.0151: El nombre del archivo ZIP es incorrecto - Detalle: xxx.xxx.xxx value='ticket: 1529086661540 error: Validation ZIP Filename error: 15602744393-RA-20180615.ZIP'
ERROR - 2018-06-15 20:18:20 --> -1: Archivo no encontrado. E:\xampp\htdocs\Facturador\src\..\files\xmls\15602744393\15602744393-RA-20180615
ERROR - 2018-06-15 20:18:21 --> soap-env:Client.0151: El nombre del archivo ZIP es incorrecto - Detalle: xxx.xxx.xxx value='ticket: 1529086701765 error: Validation ZIP Filename error: 15602744393-RA-20180615.ZIP'
ERROR - 2018-06-15 20:18:57 --> -1: Archivo no encontrado. E:\xampp\htdocs\Facturador\src\..\files\xmls\15602744393\15602744393-RA-20180615-1
ERROR - 2018-06-15 20:18:58 --> soap-env:Client.0151: El nombre del archivo ZIP es incorrecto - Detalle: xxx.xxx.xxx value='ticket: 1529086738841 error: Validation ZIP Filename error: 15602744393-RA-20180615-1.ZIP'
ERROR - 2018-06-15 20:32:34 --> -1: Archivo no encontrado. E:\xampp\htdocs\Facturador\src\..\files\xmls\15602744393\15602744393-RA-20180615-1
ERROR - 2018-06-15 20:32:53 --> -1: Archivo no encontrado. E:\xampp\htdocs\Facturador\src\..\files\xmls\15602744393\15602744393-RA-20180615-1
ERROR - 2018-06-15 20:33:38 --> -1: Archivo no encontrado. E:\xampp\htdocs\Facturador\src\..\files\xmls\15602744393\15602744393-RA-20180615-1
ERROR - 2018-06-15 20:34:39 --> soap-env:Client.0151: El nombre del archivo ZIP es incorrecto - Detalle: xxx.xxx.xxx value='ticket: 1529087679552 error: Validation ZIP Filename error: 15602744393-RA-20180615-1.ZIP'
ERROR - 2018-06-15 20:35:02 --> soap-env:Client.0151: El nombre del archivo ZIP es incorrecto - Detalle: xxx.xxx.xxx value='ticket: 1529087702420 error: Validation ZIP Filename error: 15602744393-RA-20180615-1.ZIP'
ERROR - 2018-06-15 20:37:41 --> -1: Ha ocurrido un error al firmar el certificado. openssl_pkcs12_read() return FALSE;
ERROR - 2018-06-15 20:38:25 --> soap-env:Client.0151: El nombre del archivo ZIP es incorrecto - Detalle: xxx.xxx.xxx value='ticket: 1529087905706 error: Validation ZIP Filename error: 20490961195-RA-20180615-1.ZIP'
ERROR - 2018-06-15 20:39:24 --> soap-env:Client.0402: La numeracion o nombre del documento ya ha sido enviado anteriormente - Detalle: xxx.xxx.xxx value='ticket:  error: El documento: 20490961195-RA-20180615-00000001 ya fue enviado y se encuentra en estado 98; por favor espere a que se termine de procesar el envio.'
ERROR - 2018-06-15 20:39:59 --> soap-env:Client.0151: El nombre del archivo ZIP es incorrecto - Detalle: xxx.xxx.xxx value='ticket: 1529087999336 error: Validation ZIP Filename error: 20490961195-RA-20180615-1.ZIP'
ERROR - 2018-06-15 20:56:30 --> soap-env:Client.0151: El nombre del archivo ZIP es incorrecto - Detalle: xxx.xxx.xxx value='ticket: 201802357325589 error: Validation ZIP Filename error: 20490961195-RA-20180615-1.ZIP'
ERROR - 2018-06-15 20:57:04 --> soap-env:Client.0151: El nombre del archivo ZIP es incorrecto - Detalle: xxx.xxx.xxx value='ticket: 201802357327199 error: Validation ZIP Filename error: 20490961195-RA-20180615-1.ZIP'
ERROR - 2018-06-15 20:58:19 --> soap-env:Client.0151: El nombre del archivo ZIP es incorrecto - Detalle: xxx.xxx.xxx value='ticket: 201802357333048 error: Validation ZIP Filename error: 20490961195-RA-20180615-1.ZIP'
ERROR - 2018-06-15 20:58:32 --> soap-env:Client.0151: El nombre del archivo ZIP es incorrecto - Detalle: xxx.xxx.xxx value='ticket: 201802357334055 error: Validation ZIP Filename error: 20490961195-RA-20180615-1.ZIP'
ERROR - 2018-06-15 20:59:33 --> soap-env:Client.0151: El nombre del archivo ZIP es incorrecto - Detalle: xxx.xxx.xxx value='ticket: 201802357335191 error: Validation ZIP Filename error: 20490961195-RA-20180615-2.ZIP'
ERROR - 2018-06-15 21:22:56 --> soap-env:Client.0151: El nombre del archivo ZIP es incorrecto - Detalle: xxx.xxx.xxx value='ticket: 201802357399033 error: Validation ZIP Filename error: 20490961195-RA-20180614-2.ZIP'
ERROR - 2018-06-15 21:23:27 --> soap-env:Client.0151: El nombre del archivo ZIP es incorrecto - Detalle: xxx.xxx.xxx value='ticket: 201802357401101 error: Validation ZIP Filename error: 20490961195-RA-20180615-2.ZIP'
ERROR - 2018-06-15 21:24:32 --> soap-env:Client.0151: El nombre del archivo ZIP es incorrecto - Detalle: xxx.xxx.xxx value='ticket: 201802357403778 error: Validation ZIP Filename error: 20490961195-RA-20180615-3.ZIP'
ERROR - 2018-06-15 21:25:02 --> soap-env:Client.0151: El nombre del archivo ZIP es incorrecto - Detalle: xxx.xxx.xxx value='ticket: 201802357406228 error: Validation ZIP Filename error: 20490961195-RA-20180615-3.ZIP'
ERROR - 2018-06-15 21:25:14 --> soap-env:Client.0151: El nombre del archivo ZIP es incorrecto - Detalle: xxx.xxx.xxx value='ticket: 201802357407174 error: Validation ZIP Filename error: 20490961195-RA-20180615-4.ZIP'
ERROR - 2018-06-15 21:25:31 --> soap-env:Client.0151: El nombre del archivo ZIP es incorrecto - Detalle: xxx.xxx.xxx value='ticket: 201802357408439 error: Validation ZIP Filename error: 20490961195-RA-20180615-4.ZIP'
ERROR - 2018-06-15 21:25:46 --> soap-env:Client.0151: El nombre del archivo ZIP es incorrecto - Detalle: xxx.xxx.xxx value='ticket: 201802357409789 error: Validation ZIP Filename error: 20490961195-RA-20180615-4.ZIP'
ERROR - 2018-06-15 23:19:03 --> soap-env:Client.0151: El nombre del archivo ZIP es incorrecto - Detalle: xxx.xxx.xxx value='ticket: 1529097544143 error: Validation ZIP Filename error: 20490961195-RA-20180615-4.ZIP'
ERROR - 2018-06-15 23:19:37 --> -1: Archivo no encontrado. E:\xampp\htdocs\Facturador\src\..\files\xmls\20490961195\20490961195-08-F001-500.XML
